<?xml version="1.0" encoding="UTF-8"?>
<!-- Generated by org.testng.reporters.JUnitReportReporter -->
<testsuite hostname="DESKTOP-ENMPVIA" failures="0" tests="12" name="loginModule.T001_Test" time="2.953" errors="0" timestamp="2022-09-26T21:50:37 IST" skipped="0">
  <testcase classname="loginModule.T001_Test" name="checkdatafromexcel" time="0.239"/>
  <system-out/>
  <testcase classname="loginModule.T001_Test" name="checkdatafromexcel" time="0.222"/>
  <system-out/>
  <testcase classname="loginModule.T001_Test" name="checkdatafromexcel" time="0.204"/>
  <system-out/>
  <testcase classname="loginModule.T001_Test" name="checkdatafromexcel" time="0.250"/>
  <system-out/>
  <testcase classname="loginModule.T001_Test" name="checkdatafromexcel" time="0.329"/>
  <system-out/>
  <testcase classname="loginModule.T001_Test" name="checkdatafromexcel" time="0.262"/>
  <system-out/>
  <testcase classname="loginModule.T001_Test" name="checkdatafromexcel" time="0.375"/>
  <system-out/>
  <testcase classname="loginModule.T001_Test" name="checkdatafromexcel" time="0.188"/>
  <system-out/>
  <testcase classname="loginModule.T001_Test" name="checkdatafromexcel" time="0.197"/>
  <system-out/>
  <testcase classname="loginModule.T001_Test" name="checkdatafromexcel" time="0.233"/>
  <system-out/>
  <testcase classname="loginModule.T001_Test" name="checkdatafromexcel" time="0.222"/>
  <system-out/>
  <testcase classname="loginModule.T001_Test" name="checkdatafromexcel" time="0.232"/>
  <system-out/>
</testsuite> <!-- loginModule.T001_Test -->
