<?xml version="1.0" encoding="UTF-8"?>
<!-- Generated by org.testng.reporters.JUnitReportReporter -->
<testsuite hostname="DESKTOP-ENMPVIA" failures="0" tests="1" name="registerModule.T02_Test" time="2.021" errors="0" timestamp="2022-09-23T14:54:58 IST" skipped="0">
  <testcase classname="registerModule.T02_Test" name="Validate_whether_user_Register_with_valid_credentials" time="2.021"/>
  <system-out/>
</testsuite> <!-- registerModule.T02_Test -->
